# JRE version: Java(TM) SE Runtime Environment (8.0_171-b11) (build 1.8.0_171-b11)
# Java VM: Java HotSpot(TM) 64-Bit Server VM (25.171-b11 mixed mode windows-amd64 compressed oops)
Heap:
 PSYoungGen      total 292864K, used 279673K [0x00000000eab00000, 0x00000000fec00000, 0x0000000100000000)
  eden space 275456K, 95% used [0x00000000eab00000,0x00000000fab46360,0x00000000fb800000)
  from space 17408K, 99% used [0x00000000fdb00000,0x00000000febd8398,0x00000000fec00000)
  to   space 26624K, 0% used [0x00000000fb800000,0x00000000fb800000,0x00000000fd200000)
 ParOldGen       total 175104K, used 54854K [0x00000000c0000000, 0x00000000cab00000, 0x00000000eab00000)
  object space 175104K, 31% used [0x00000000c0000000,0x00000000c3591898,0x00000000cab00000)
 Metaspace       used 69981K, capacity 73326K, committed 73624K, reserved 1112064K
  class space    used 9350K, capacity 10049K, committed 10160K, reserved 1048576K
GC Heap History (10 events):
Event: 163.774 GC heap before
{Heap before GC invocations=15 (full 3):
 PSYoungGen      total 314368K, used 291348K [0x00000000eab00000, 0x0000000100000000, 0x0000000100000000)
  eden space 286208K, 99% used [0x00000000eab00000,0x00000000fc26a918,0x00000000fc280000)
  from space 28160K, 18% used [0x00000000fc280000,0x00000000fc79a9d0,0x00000000fde00000)
  to   space 28160K, 0% used [0x00000000fe480000,0x00000000fe480000,0x0000000100000000)
 ParOldGen       total 175104K, used 53242K [0x00000000c0000000, 0x00000000cab00000, 0x00000000eab00000)
  object space 175104K, 30% used [0x00000000c0000000,0x00000000c33fe858,0x00000000cab00000)
 Metaspace       used 67386K, capacity 69466K, committed 69656K, reserved 1110016K
  class space    used 9138K, capacity 9649K, committed 9776K, reserved 1048576K
Event: 163.793 GC heap after
Heap after GC invocations=15 (full 3):
 PSYoungGen      total 317952K, used 13152K [0x00000000eab00000, 0x00000000ffd00000, 0x0000000100000000)
  eden space 292864K, 0% used [0x00000000eab00000,0x00000000eab00000,0x00000000fc900000)
  from space 25088K, 52% used [0x00000000fe480000,0x00000000ff1582e0,0x00000000ffd00000)
  to   space 26624K, 0% used [0x00000000fc900000,0x00000000fc900000,0x00000000fe300000)
 ParOldGen       total 175104K, used 54830K [0x00000000c0000000, 0x00000000cab00000, 0x00000000eab00000)
  object space 175104K, 31% used [0x00000000c0000000,0x00000000c358b898,0x00000000cab00000)
 Metaspace       used 67386K, capacity 69466K, committed 69656K, reserved 1110016K
  class space    used 9138K, capacity 9649K, committed 9776K, reserved 1048576K
}
Event: 575.127 GC heap before
{Heap before GC invocations=16 (full 3):
 PSYoungGen      total 317952K, used 306016K [0x00000000eab00000, 0x00000000ffd00000, 0x0000000100000000)
  eden space 292864K, 100% used [0x00000000eab00000,0x00000000fc900000,0x00000000fc900000)
  from space 25088K, 52% used [0x00000000fe480000,0x00000000ff1582e0,0x00000000ffd00000)
  to   space 26624K, 0% used [0x00000000fc900000,0x00000000fc900000,0x00000000fe300000)
 ParOldGen       total 175104K, used 54830K [0x00000000c0000000, 0x00000000cab00000, 0x00000000eab00000)
  object space 175104K, 31% used [0x00000000c0000000,0x00000000c358b898,0x00000000cab00000)
 Metaspace       used 68560K, capacity 71102K, committed 71320K, reserved 1110016K
  class space    used 9213K, capacity 9781K, committed 9904K, reserved 1048576K
Event: 575.141 GC heap after
Heap after GC invocations=16 (full 3):
 PSYoungGen      total 319488K, used 4577K [0x00000000eab00000, 0x0000000100000000, 0x0000000100000000)
  eden space 292864K, 0% used [0x00000000eab00000,0x00000000eab00000,0x00000000fc900000)
  from space 26624K, 17% used [0x00000000fc900000,0x00000000fcd78710,0x00000000fe300000)
  to   space 27136K, 0% used [0x00000000fe580000,0x00000000fe580000,0x0000000100000000)
 ParOldGen       total 175104K, used 54838K [0x00000000c0000000, 0x00000000cab00000, 0x00000000eab00000)
  object space 175104K, 31% used [0x00000000c0000000,0x00000000c358d898,0x00000000cab00000)
 Metaspace       used 68560K, capacity 71102K, committed 71320K, reserved 1110016K
  class space    used 9213K, capacity 9781K, committed 9904K, reserved 1048576K
}
Event: 578.250 GC heap before
{Heap before GC invocations=17 (full 3):
 PSYoungGen      total 319488K, used 297441K [0x00000000eab00000, 0x0000000100000000, 0x0000000100000000)
  eden space 292864K, 100% used [0x00000000eab00000,0x00000000fc900000,0x00000000fc900000)
  from space 26624K, 17% used [0x00000000fc900000,0x00000000fcd78710,0x00000000fe300000)
  to   space 27136K, 0% used [0x00000000fe580000,0x00000000fe580000,0x0000000100000000)
 ParOldGen       total 175104K, used 54838K [0x00000000c0000000, 0x00000000cab00000, 0x00000000eab00000)
  object space 175104K, 31% used [0x00000000c0000000,0x00000000c358d898,0x00000000cab00000)
 Metaspace       used 68763K, capacity 71312K, committed 71576K, reserved 1112064K
  class space    used 9216K, capacity 9784K, committed 9904K, reserved 1048576K
Event: 578.261 GC heap after
Heap after GC invocations=17 (full 3):
 PSYoungGen      total 321024K, used 8689K [0x00000000eab00000, 0x00000000ffe80000, 0x0000000100000000)
  eden space 295424K, 0% used [0x00000000eab00000,0x00000000eab00000,0x00000000fcb80000)
  from space 25600K, 33% used [0x00000000fe580000,0x00000000fedfc740,0x00000000ffe80000)
  to   space 26112K, 0% used [0x00000000fcb80000,0x00000000fcb80000,0x00000000fe500000)
 ParOldGen       total 175104K, used 54838K [0x00000000c0000000, 0x00000000cab00000, 0x00000000eab00000)
  object space 175104K, 31% used [0x00000000c0000000,0x00000000c358d898,0x00000000cab00000)
 Metaspace       used 68763K, capacity 71312K, committed 71576K, reserved 1112064K
  class space    used 9216K, capacity 9784K, committed 9904K, reserved 1048576K
}
Event: 982.496 GC heap before
{Heap before GC invocations=18 (full 3):
 PSYoungGen      total 321024K, used 304113K [0x00000000eab00000, 0x00000000ffe80000, 0x0000000100000000)
  eden space 295424K, 100% used [0x00000000eab00000,0x00000000fcb80000,0x00000000fcb80000)
  from space 25600K, 33% used [0x00000000fe580000,0x00000000fedfc740,0x00000000ffe80000)
  to   space 26112K, 0% used [0x00000000fcb80000,0x00000000fcb80000,0x00000000fe500000)
 ParOldGen       total 175104K, used 54838K [0x00000000c0000000, 0x00000000cab00000, 0x00000000eab00000)
  object space 175104K, 31% used [0x00000000c0000000,0x00000000c358d898,0x00000000cab00000)
 Metaspace       used 69222K, capacity 71954K, committed 72088K, reserved 1112064K
  class space    used 9238K, capacity 9853K, committed 9904K, reserved 1048576K
Event: 982.511 GC heap after
Heap after GC invocations=18 (full 3):
 PSYoungGen      total 301056K, used 15614K [0x00000000eab00000, 0x00000000ff480000, 0x0000000100000000)
  eden space 285184K, 0% used [0x00000000eab00000,0x00000000eab00000,0x00000000fc180000)
  from space 15872K, 98% used [0x00000000fcb80000,0x00000000fdabfb58,0x00000000fdb00000)
  to   space 26112K, 0% used [0x00000000fdb00000,0x00000000fdb00000,0x00000000ff480000)
 ParOldGen       total 175104K, used 54846K [0x00000000c0000000, 0x00000000cab00000, 0x00000000eab00000)
  object space 175104K, 31% used [0x00000000c0000000,0x00000000c358f898,0x00000000cab00000)
 Metaspace       used 69222K, capacity 71954K, committed 72088K, reserved 1112064K
  class space    used 9238K, capacity 9853K, committed 9904K, reserved 1048576K
}
Event: 1093.711 GC heap before
{Heap before GC invocations=19 (full 3):
 PSYoungGen      total 301056K, used 300761K [0x00000000eab00000, 0x00000000ff480000, 0x0000000100000000)
  eden space 285184K, 99% used [0x00000000eab00000,0x00000000fc176b60,0x00000000fc180000)
  from space 15872K, 98% used [0x00000000fcb80000,0x00000000fdabfb58,0x00000000fdb00000)
  to   space 26112K, 0% used [0x00000000fdb00000,0x00000000fdb00000,0x00000000ff480000)
 ParOldGen       total 175104K, used 54846K [0x00000000c0000000, 0x00000000cab00000, 0x00000000eab00000)
  object space 175104K, 31% used [0x00000000c0000000,0x00000000c358f898,0x00000000cab00000)
 Metaspace       used 69897K, capacity 73194K, committed 73368K, reserved 1112064K
  class space    used 9349K, capacity 10049K, committed 10160K, reserved 1048576K
Event: 1093.739 GC heap after
Heap after GC invocations=19 (full 3):
 PSYoungGen      total 292864K, used 17248K [0x00000000eab00000, 0x00000000fec00000, 0x0000000100000000)
  eden space 275456K, 0% used [0x00000000eab00000,0x00000000eab00000,0x00000000fb800000)
  from space 17408K, 99% used [0x00000000fdb00000,0x00000000febd8398,0x00000000fec00000)
  to   space 26624K, 0% used [0x00000000fb800000,0x00000000fb800000,0x00000000fd200000)
 ParOldGen       total 175104K, used 54854K [0x00000000c0000000, 0x00000000cab00000, 0x00000000eab00000)
  object space 175104K, 31% used [0x00000000c0000000,0x00000000c3591898,0x00000000cab00000)
 Metaspace       used 69897K, capacity 73194K, committed 73368K, reserved 1112064K
  class space    used 9349K, capacity 10049K, committed 10160K, reserved 1048576K
}

